Using pre-set license
Built from '2020.3/staging' branch; Version is '2020.3.28f1 (f5400f52e03f) revision 16072719'; Using compiler version '192528614'; Build Type 'Release'
OS: 'Windows 10  (10.0.19045) 64bit Professional' Language: 'ru' Physical Memory: 12217 MB
BatchMode: 1, IsHumanControllingUs: 0, StartBugReporterOnCrash: 0, Is64bit: 1, IsPro: 0

COMMAND LINE ARGUMENTS:
E:\2020.3.28f1\Editor\Unity.exe
-adb2
-batchMode
-noUpm
-name
AssetImportWorker0
-projectPath
E:/Unity_Games/One_Day_Game
-logFile
Logs/AssetImportWorker0.log
-srvPort
58626
Successfully changed project path to: E:/Unity_Games/One_Day_Game
E:/Unity_Games/One_Day_Game
Using Asset Import Pipeline V2.
Refreshing native plugins compatible for Editor in 50.81 ms, found 3 plugins.
Preloading 0 native plugins for Editor in 0.00 ms.
Initialize engine version: 2020.3.28f1 (f5400f52e03f)
[Subsystems] Discovering subsystems at path E:/2020.3.28f1/Editor/Data/Resources/UnitySubsystems
[Subsystems] Discovering subsystems at path E:/Unity_Games/One_Day_Game/Assets
GfxDevice: creating device client; threaded=0
Direct3D:
    Version:  Direct3D 11.0 [level 11.0]
    Renderer: NVIDIA GeForce GT 730 (ID=0xf02)
    Vendor:   
    VRAM:     2000 MB
    Driver:   23.21.13.8813
Initialize mono
Mono path[0] = 'E:/2020.3.28f1/Editor/Data/Managed'
Mono path[1] = 'E:/2020.3.28f1/Editor/Data/MonoBleedingEdge/lib/mono/unityjit'
Mono config path = 'E:/2020.3.28f1/Editor/Data/MonoBleedingEdge/etc'
Using monoOptions --debugger-agent=transport=dt_socket,embedding=1,server=y,suspend=n,address=127.0.0.1:56224
Begin MonoManager ReloadAssembly
Registering precompiled unity dll's ...
Register platform support module: E:/2020.3.28f1/Editor/Data/PlaybackEngines/WebGLSupport/UnityEditor.WebGL.Extensions.dll
Register platform support module: E:/2020.3.28f1/Editor/Data/PlaybackEngines/WindowsStandaloneSupport/UnityEditor.WindowsStandalone.Extensions.dll
Registered in 0.001549 seconds.
Native extension for WindowsStandalone target not found
Native extension for WebGL target not found
Refreshing native plugins compatible for Editor in 45.64 ms, found 3 plugins.
Preloading 0 native plugins for Editor in 0.00 ms.
Mono: successfully reloaded assembly
- Completed reload, in  0.602 seconds
Domain Reload Profiling:
	ReloadAssembly (603ms)
		BeginReloadAssembly (77ms)
			ExecutionOrderSort (0ms)
			DisableScriptedObjects (0ms)
			BackupInstance (0ms)
			ReleaseScriptingObjects (0ms)
			CreateAndSetChildDomain (1ms)
		EndReloadAssembly (463ms)
			LoadAssemblies (77ms)
			RebuildTransferFunctionScriptingTraits (0ms)
			SetupTypeCache (144ms)
			ReleaseScriptCaches (0ms)
			RebuildScriptCaches (28ms)
			SetupLoadedEditorAssemblies (168ms)
				LogAssemblyErrors (0ms)
				InitializePlatformSupportModulesInManaged (5ms)
				SetLoadedEditorAssemblies (0ms)
				RefreshPlugins (46ms)
				BeforeProcessingInitializeOnLoad (15ms)
				ProcessInitializeOnLoadAttributes (76ms)
				ProcessInitializeOnLoadMethodAttributes (26ms)
				AfterProcessingInitializeOnLoad (0ms)
				EditorAssembliesLoaded (0ms)
			ExecutionOrderSort2 (0ms)
			AwakeInstancesAfterBackupRestoration (0ms)
Platform modules already initialized, skipping
Registering precompiled user dll's ...
Registered in 0.004251 seconds.
Begin MonoManager ReloadAssembly
Native extension for WindowsStandalone target not found
Native extension for WebGL target not found
Refreshing native plugins compatible for Editor in 44.50 ms, found 3 plugins.
Preloading 0 native plugins for Editor in 0.00 ms.
Mono: successfully reloaded assembly
- Completed reload, in  1.092 seconds
Domain Reload Profiling:
	ReloadAssembly (1093ms)
		BeginReloadAssembly (166ms)
			ExecutionOrderSort (0ms)
			DisableScriptedObjects (4ms)
			BackupInstance (0ms)
			ReleaseScriptingObjects (0ms)
			CreateAndSetChildDomain (22ms)
		EndReloadAssembly (876ms)
			LoadAssemblies (129ms)
			RebuildTransferFunctionScriptingTraits (0ms)
			SetupTypeCache (288ms)
			ReleaseScriptCaches (0ms)
			RebuildScriptCaches (45ms)
			SetupLoadedEditorAssemblies (324ms)
				LogAssemblyErrors (0ms)
				InitializePlatformSupportModulesInManaged (4ms)
				SetLoadedEditorAssemblies (0ms)
				RefreshPlugins (45ms)
				BeforeProcessingInitializeOnLoad (71ms)
				ProcessInitializeOnLoadAttributes (187ms)
				ProcessInitializeOnLoadMethodAttributes (14ms)
				AfterProcessingInitializeOnLoad (3ms)
				EditorAssembliesLoaded (0ms)
			ExecutionOrderSort2 (0ms)
			AwakeInstancesAfterBackupRestoration (6ms)
Platform modules already initialized, skipping
========================================================================
Worker process is ready to serve import requests
Launched and connected shader compiler UnityShaderCompiler.exe after 0.19 seconds
Refreshing native plugins compatible for Editor in 0.75 ms, found 3 plugins.
Preloading 0 native plugins for Editor in 0.00 ms.
Unloading 2328 Unused Serialized files (Serialized files now loaded: 0)
System memory in use before: 105.2 MB.
System memory in use after: 105.2 MB.

Unloading 34 unused Assets to reduce memory usage. Loaded Objects now: 2758.
Total: 3.797900 ms (FindLiveObjects: 0.322400 ms CreateObjectMapping: 0.173500 ms MarkObjects: 3.151800 ms  DeleteObjects: 0.148900 ms)

AssetImportParameters requested are different than current active one (requested -> active):
  custom:framework-win-MediaFoundation: 216162199b28c13a410421893ffa2e32 -> 
  custom:video-decoder-ogg-theora: a1e56fd34408186e4bbccfd4996cb3dc -> 
  custom:container-muxer-webm: aa71ff27fc2769a1b78a27578f13a17b -> 
  custom:container-demuxer-webm: 4f35f7cbe854078d1ac9338744f61a02 -> 
  custom:container-demuxer-ogg: 62fdf1f143b41e24485cea50d1cbac27 -> 
  custom:video-encoder-webm-vp8: eb34c28f22e8b96e1ab97ce403110664 -> 
  custom:video-decoder-webm-vp8: 9c59270c3fd7afecdb556c50c9e8de78 -> 
  custom:audio-decoder-ogg-vorbis: bf7c407c2cedff20999df2af8eb42d56 -> 
  custom:audio-encoder-webm-vorbis: bf7c407c2cedff20999df2af8eb42d56 -> 
========================================================================
Received Import Request.
  path: Assets/Script/ForBonus.cs
  artifactKey: Guid(db49286a70e5d8a4f900476ec9bf4f65) Importer(815301076,1909f56bfc062723c751e8b465ee728b)
Start importing Assets/Script/ForBonus.cs using Guid(db49286a70e5d8a4f900476ec9bf4f65) Importer(815301076,1909f56bfc062723c751e8b465ee728b)  -> (artifact id: '1e4442819b3b714962cd3d0c3616e0bb') in 0.101048 seconds 
  Import took 0.259215 seconds .

========================================================================
Received Import Request.
  Time since last request: 0.000273 seconds.
  path: Assets/Script/ForBigEnemy.cs
  artifactKey: Guid(6333444c385808e46909caf3c8bf606c) Importer(815301076,1909f56bfc062723c751e8b465ee728b)
Start importing Assets/Script/ForBigEnemy.cs using Guid(6333444c385808e46909caf3c8bf606c) Importer(815301076,1909f56bfc062723c751e8b465ee728b)  -> (artifact id: 'ffce5d118267151b81682701a8c72b24') in 0.053102 seconds 
  Import took 0.122038 seconds .

========================================================================
Received Import Request.
  Time since last request: 0.193291 seconds.
  path: Assets/Script/ForEnemy.cs
  artifactKey: Guid(cd695fff9d69b6748840fcec0e06d095) Importer(815301076,1909f56bfc062723c751e8b465ee728b)
Start importing Assets/Script/ForEnemy.cs using Guid(cd695fff9d69b6748840fcec0e06d095) Importer(815301076,1909f56bfc062723c751e8b465ee728b)  -> (artifact id: '59cda338cfff11d66b5e06e185ff0310') in 0.008805 seconds 
  Import took 0.135853 seconds .

========================================================================
Received Import Request.
  Time since last request: 0.689758 seconds.
  path: Assets/Script/ForSpawner.cs
  artifactKey: Guid(2aa840f7314e6d2408991e67cd0ee6aa) Importer(815301076,1909f56bfc062723c751e8b465ee728b)
Start importing Assets/Script/ForSpawner.cs using Guid(2aa840f7314e6d2408991e67cd0ee6aa) Importer(815301076,1909f56bfc062723c751e8b465ee728b)  -> (artifact id: '50ea17f3e4258e3c6f9e30f29371147c') in 0.008276 seconds 
  Import took 0.102057 seconds .

========================================================================
Received Import Request.
  Time since last request: 0.656527 seconds.
  path: Assets/Script/ForYourScore.cs
  artifactKey: Guid(bd1110c91ea39ff4194dab14b6a6c36d) Importer(815301076,1909f56bfc062723c751e8b465ee728b)
Start importing Assets/Script/ForYourScore.cs using Guid(bd1110c91ea39ff4194dab14b6a6c36d) Importer(815301076,1909f56bfc062723c751e8b465ee728b)  -> (artifact id: '123e0ced2202783c6acfd04628a669b1') in 0.006792 seconds 
  Import took 0.120601 seconds .

========================================================================
Received Import Request.
  Time since last request: 0.386833 seconds.
  path: Assets/Script/MoveRocket.cs
  artifactKey: Guid(dd54c387dfaf6004f91660bf026ca4ab) Importer(815301076,1909f56bfc062723c751e8b465ee728b)
Start importing Assets/Script/MoveRocket.cs using Guid(dd54c387dfaf6004f91660bf026ca4ab) Importer(815301076,1909f56bfc062723c751e8b465ee728b)  -> (artifact id: 'b343cba297389b8143dec65a2f76c09b') in 0.066757 seconds 
  Import took 0.122752 seconds .

========================================================================
Received Import Request.
  Time since last request: 0.153765 seconds.
  path: Assets/Script/RocketScropts.cs
  artifactKey: Guid(0a34fc41f824816478c136e34837570c) Importer(815301076,1909f56bfc062723c751e8b465ee728b)
Start importing Assets/Script/RocketScropts.cs using Guid(0a34fc41f824816478c136e34837570c) Importer(815301076,1909f56bfc062723c751e8b465ee728b)  -> (artifact id: '82d044ad247f24585129d95f04e5e92a') in 0.143330 seconds 
  Import took 0.186059 seconds .

